<?xml version="1.0" encoding="UTF-8"?>
<testsuites name="Mocha Tests" time="3.678" tests="4" failures="0">
  <testsuite name="Root Suite" timestamp="2019-03-06T10:38:08" tests="0" failures="0" time="0">
  </testsuite>
  <testsuite name="/GET all products" timestamp="2019-03-06T10:38:08" tests="1" file="C:\devopsdemo\restapi_mysql_sk\tests\unit_test\testproducts.js" failures="0" time="1.389">
    <testcase name="/GET all products it should GET all the bookings" time="1.389" classname="it should GET all the bookings">
    </testcase>
  </testsuite>
  <testsuite name="/POST add a product" timestamp="2019-03-06T10:38:10" tests="1" file="C:\devopsdemo\restapi_mysql_sk\tests\unit_test\testproducts.js" failures="0" time="0.998">
    <testcase name="/POST add a product Post a booking" time="0.998" classname="Post a booking">
    </testcase>
  </testsuite>
  <testsuite name="/PUT change a product" timestamp="2019-03-06T10:38:11" tests="1" file="C:\devopsdemo\restapi_mysql_sk\tests\unit_test\testproducts.js" failures="0" time="0.68">
    <testcase name="/PUT change a product PUT a booking" time="0.68" classname="PUT a booking">
    </testcase>
  </testsuite>
  <testsuite name="/DELETE a product" timestamp="2019-03-06T10:38:11" tests="1" file="C:\devopsdemo\restapi_mysql_sk\tests\unit_test\testproducts.js" failures="0" time="0.611">
    <testcase name="/DELETE a product DELETE a booking" time="0.611" classname="DELETE a booking">
    </testcase>
  </testsuite>
</testsuites>