<?xml version="1.0" encoding="UTF-8"?>
<testsuites name="Mocha Tests" time="8.540000000000001" tests="4" failures="0">
  <testsuite name="Root Suite" timestamp="2019-03-05T16:32:37" tests="0" failures="0" time="0">
  </testsuite>
  <testsuite name="/GET all products" timestamp="2019-03-05T16:32:37" tests="1" file="c:\devopsdemo\restapi_mysql_sk\test\testproducts.js" failures="0" time="5.165">
    <testcase name="/GET all products it should GET all the bookings" time="5.165" classname="it should GET all the bookings">
    </testcase>
  </testsuite>
  <testsuite name="/POST add a product" timestamp="2019-03-05T16:32:43" tests="1" file="c:\devopsdemo\restapi_mysql_sk\test\testproducts.js" failures="0" time="1.178">
    <testcase name="/POST add a product Post a booking" time="1.178" classname="Post a booking">
    </testcase>
  </testsuite>
  <testsuite name="/PUT change a product" timestamp="2019-03-05T16:32:44" tests="1" file="c:\devopsdemo\restapi_mysql_sk\test\testproducts.js" failures="0" time="1.014">
    <testcase name="/PUT change a product PUT a booking" time="1.014" classname="PUT a booking">
    </testcase>
  </testsuite>
  <testsuite name="/DELETE a product" timestamp="2019-03-05T16:32:45" tests="1" file="c:\devopsdemo\restapi_mysql_sk\test\testproducts.js" failures="0" time="1.183">
    <testcase name="/DELETE a product DELETE a booking" time="1.183" classname="DELETE a booking">
    </testcase>
  </testsuite>
</testsuites>